JUnit version 4.13
....E
Time: 0,382
There was 1 failure:
1) normalCaseEdDyn(Es2Test)
java.lang.AssertionError: expected:<6> but was:<1>
	at org.junit.Assert.fail(Assert.java:89)
	at org.junit.Assert.failNotEquals(Assert.java:835)
	at org.junit.Assert.assertEquals(Assert.java:647)
	at org.junit.Assert.assertEquals(Assert.java:633)
	at Es2Test.normalCaseEdDyn(Es2Test.java:171)

FAILURES!!!
Tests run: 4,  Failures: 1

